-------------------------------------------------------------------------------
Test set: gr.unihome.core.UniversitiesDatabaseTest
-------------------------------------------------------------------------------
Tests run: 3, Failures: 3, Errors: 0, Skipped: 0, Time elapsed: 0.061 s <<< FAILURE! -- in gr.unihome.core.UniversitiesDatabaseTest
gr.unihome.core.UniversitiesDatabaseTest.testInsertUniversity -- Time elapsed: 0.011 s <<< FAILURE!
org.opentest4j.AssertionFailedError: An error occurred while inserting the university. ==> expected: <true> but was: <false>
	at org.junit.jupiter.api.AssertionFailureBuilder.build(AssertionFailureBuilder.java:151)
	at org.junit.jupiter.api.AssertionFailureBuilder.buildAndThrow(AssertionFailureBuilder.java:132)
	at org.junit.jupiter.api.AssertTrue.failNotTrue(AssertTrue.java:63)
	at org.junit.jupiter.api.AssertTrue.assertTrue(AssertTrue.java:36)
	at org.junit.jupiter.api.Assertions.assertTrue(Assertions.java:210)
	at gr.unihome.core.UniversitiesDatabaseTest.testInsertUniversity(UniversitiesDatabaseTest.java:66)
	at java.base/java.lang.reflect.Method.invoke(Method.java:580)
	at java.base/java.util.ArrayList.forEach(ArrayList.java:1596)
	at java.base/java.util.ArrayList.forEach(ArrayList.java:1596)

gr.unihome.core.UniversitiesDatabaseTest.testInsertMultipleUniversities -- Time elapsed: 0.021 s <<< FAILURE!
org.opentest4j.AssertionFailedError: An error occurred while inserting multiple universities. ==> expected: <true> but was: <false>
	at org.junit.jupiter.api.AssertionFailureBuilder.build(AssertionFailureBuilder.java:151)
	at org.junit.jupiter.api.AssertionFailureBuilder.buildAndThrow(AssertionFailureBuilder.java:132)
	at org.junit.jupiter.api.AssertTrue.failNotTrue(AssertTrue.java:63)
	at org.junit.jupiter.api.AssertTrue.assertTrue(AssertTrue.java:36)
	at org.junit.jupiter.api.Assertions.assertTrue(Assertions.java:210)
	at gr.unihome.core.UniversitiesDatabaseTest.testInsertMultipleUniversities(UniversitiesDatabaseTest.java:87)
	at java.base/java.lang.reflect.Method.invoke(Method.java:580)
	at java.base/java.util.ArrayList.forEach(ArrayList.java:1596)
	at java.base/java.util.ArrayList.forEach(ArrayList.java:1596)

gr.unihome.core.UniversitiesDatabaseTest.testInitialize -- Time elapsed: 0 s <<< FAILURE!
org.opentest4j.AssertionFailedError: The universities table should exist after initialization. ==> expected: <true> but was: <false>
	at org.junit.jupiter.api.AssertionFailureBuilder.build(AssertionFailureBuilder.java:151)
	at org.junit.jupiter.api.AssertionFailureBuilder.buildAndThrow(AssertionFailureBuilder.java:132)
	at org.junit.jupiter.api.AssertTrue.failNotTrue(AssertTrue.java:63)
	at org.junit.jupiter.api.AssertTrue.assertTrue(AssertTrue.java:36)
	at org.junit.jupiter.api.Assertions.assertTrue(Assertions.java:210)
	at gr.unihome.core.UniversitiesDatabaseTest.testInitialize(UniversitiesDatabaseTest.java:32)
	at java.base/java.lang.reflect.Method.invoke(Method.java:580)
	at java.base/java.util.ArrayList.forEach(ArrayList.java:1596)
	at java.base/java.util.ArrayList.forEach(ArrayList.java:1596)

